New author created: New Author (ID: 2)
New book created: 'Custom Response Book' by Response Test Author (ID: 2, Year: 2023)
Book updated: 'Updated Title' by Response Test Author (ID: 1, Year: 2021)
New author created: New Author (ID: 2)
New book created: 'Valid Book' by Test Author (ID: 2, Year: 2020)
New author created: New Test Author (ID: 3)
Author deleted: Author to Delete (ID: 3)
Author updated: Updated Author Name (ID: 1)
New book created: 'New Test Book' by J.K. Rowling (ID: 3, Year: 2020)
Book deleted: 'Book to Delete' by J.K. Rowling (ID: 3)
Book updated: 'Partially Updated Title' by J.K. Rowling (ID: 1, Year: 1997)
Book updated: 'Updated Book Title' by J.K. Rowling (ID: 1, Year: 1998)
New book created: 'Authenticated Book' by Test Author (ID: 2, Year: 2021)
Book deleted: 'Book for Deletion' by Test Author (ID: 2)
Book updated: 'Updated by Regular User' by Test Author (ID: 1, Year: 2021)
New book created: 'Response Test Book' by Test Author (ID: 2, Year: 2021)
New author created: New Test Author (ID: 3)
Author deleted: Author to Delete (ID: 3)
Author updated: Updated Author Name (ID: 1)
New book created: 'New Test Book' by J.K. Rowling (ID: 3, Year: 2020)
Book deleted: 'Book to Delete' by J.K. Rowling (ID: 3)
Book updated: 'Partially Updated Title' by J.K. Rowling (ID: 1, Year: 1997)
Book updated: 'Updated Book Title' by J.K. Rowling (ID: 1, Year: 1998)
New book created: 'Authenticated Book' by Test Author (ID: 2, Year: 2021)
Book deleted: 'Book for Deletion' by Test Author (ID: 2)
Book updated: 'Updated by Regular User' by Test Author (ID: 1, Year: 2021)
New book created: 'Response Test Book' by Test Author (ID: 2, Year: 2021)
New author created: New Test Author (ID: 3)
Author deleted: Author to Delete (ID: 3)
Author updated: Updated Author Name (ID: 1)
New book created: 'New Test Book' by J.K. Rowling (ID: 3, Year: 2020)
Book deleted: 'Book to Delete' by J.K. Rowling (ID: 3)
Book updated: 'Partially Updated Title' by J.K. Rowling (ID: 1, Year: 1997)
Book updated: 'Updated Book Title' by J.K. Rowling (ID: 1, Year: 1998)
New book created: 'Authenticated Book' by Test Author (ID: 2, Year: 2021)
Book deleted: 'Book for Deletion' by Test Author (ID: 2)
Book updated: 'Updated by Regular User' by Test Author (ID: 1, Year: 2021)
New book created: 'Response Test Book' by Test Author (ID: 2, Year: 2021)
New author created: Author Created with Session (ID: 2)
New book created: 'Book Created with Session Auth' by Session Test Author (ID: 2, Year: 2022)
Book deleted: 'Book for Session Delete' by Session Test Author (ID: 2)
Book updated: 'Updated via Session Auth' by Session Test Author (ID: 1, Year: 2021)
New book created: 'First Session Book' by Session Test Author (ID: 2, Year: 2020)
New book created: 'Second Session Book' by Session Test Author (ID: 3, Year: 2021)
New author created: Session Persistent Author (ID: 2)
New book created: 'Superuser Book' by Session Test Author (ID: 2, Year: 2023)
New author created: Superuser Author (ID: 2)
New author created: New Test Author (ID: 3)
Author deleted: Author to Delete (ID: 3)
Author updated: Updated Author Name (ID: 1)
New book created: 'New Test Book' by J.K. Rowling (ID: 3, Year: 2020)
Book deleted: 'Book to Delete' by J.K. Rowling (ID: 3)
Book updated: 'Partially Updated Title' by J.K. Rowling (ID: 1, Year: 1997)
Book updated: 'Updated Book Title' by J.K. Rowling (ID: 1, Year: 1998)
New book created: 'Authenticated Book' by Test Author (ID: 2, Year: 2021)
Book deleted: 'Book for Deletion' by Test Author (ID: 2)
Book updated: 'Updated by Regular User' by Test Author (ID: 1, Year: 2021)
New book created: 'Response Test Book' by Test Author (ID: 2, Year: 2021)
New author created: Author Created with Session (ID: 2)
New book created: 'Book Created with Session Auth' by Session Test Author (ID: 2, Year: 2022)
Book deleted: 'Book for Session Delete' by Session Test Author (ID: 2)
Book updated: 'Updated via Session Auth' by Session Test Author (ID: 1, Year: 2021)
New book created: 'First Session Book' by Session Test Author (ID: 2, Year: 2020)
New book created: 'Second Session Book' by Session Test Author (ID: 3, Year: 2021)
New author created: Session Persistent Author (ID: 2)
New book created: 'Superuser Book' by Session Test Author (ID: 2, Year: 2023)
New author created: Superuser Author (ID: 2)
